<?xml version="1.0" encoding="UTF-8"?>
<!-- Generated by org.testng.reporters.JUnitReportReporter -->
<testsuite hostname="LAPTOP-P0F61UV5" failures="0" tests="1" name="com.JenkiensDemo.dummy.dummyThree" time="0.011" errors="0" timestamp="2021-04-15T13:44:40 IST" skipped="0">
  <testcase classname="com.JenkiensDemo.dummy.dummyThree" name="dummyThreeDel" time="0.011"/>
  <system-out/>
</testsuite> <!-- com.JenkiensDemo.dummy.dummyThree -->
