<?xml version="1.0" encoding="UTF-8"?>
<!-- Generated by org.testng.reporters.JUnitReportReporter -->
<testsuite hostname="Akash-PC" failures="0" tests="1" name="com.JenkiensDemo.dummy.dummyThree" time="0.019" errors="0" timestamp="2021-05-02T20:47:42 IST" skipped="0">
  <testcase classname="com.JenkiensDemo.dummy.dummyThree" name="dummyThreeDel" time="0.019"/>
  <system-out/>
</testsuite> <!-- com.JenkiensDemo.dummy.dummyThree -->
