<?xml version="1.0" encoding="UTF-8"?>
<!-- Generated by org.testng.reporters.JUnitReportReporter -->
<testsuite hostname="LAPTOP-P0F61UV5" failures="0" tests="1" name="com.dummy.dummyOne$NewTestStartedDummy" time="0.016" errors="0" timestamp="2021-04-15T02:29:53 IST" skipped="0">
  <testcase classname="com.dummy.dummyOne$NewTestStartedDummy" name="TestClass" time="0.016"/>
  <system-out/>
</testsuite> <!-- com.dummy.dummyOne$NewTestStartedDummy -->
