<?xml version="1.0" encoding="UTF-8"?>
<!-- Generated by org.testng.reporters.JUnitReportReporter -->
<testsuite hostname="LAPTOP-P0F61UV5" failures="0" tests="1" name="com.dummy.dummyOne$NewTest" time="0.013" errors="0" timestamp="2021-04-15T02:18:07 IST" skipped="0">
  <testcase classname="com.dummy.dummyOne$NewTest" name="TestClass" time="0.013"/>
  <system-out/>
</testsuite> <!-- com.dummy.dummyOne$NewTest -->
