<?xml version="1.0" encoding="UTF-8"?>
<!-- Generated by org.testng.reporters.JUnitReportReporter -->
<testsuite hostname="Akash-PC" failures="0" tests="1" name="com.JenkiensDemo.dummy.dummyOne$NewTestStartedDummy" time="0.029" errors="0" timestamp="2021-05-02T20:47:22 IST" skipped="0">
  <testcase classname="com.JenkiensDemo.dummy.dummyOne$NewTestStartedDummy" name="TestClass" time="0.029"/>
  <system-out/>
</testsuite> <!-- com.JenkiensDemo.dummy.dummyOne$NewTestStartedDummy -->
