<?xml version="1.0" encoding="UTF-8"?>
<!-- Generated by org.testng.reporters.JUnitReportReporter -->
<testsuite hostname="LAPTOP-P0F61UV5" failures="0" tests="1" name="com.JenkiensDemo.dummy.dummyOne$NewTestStartedDummy" time="0.008" errors="0" timestamp="2021-04-15T13:44:40 IST" skipped="0">
  <testcase classname="com.JenkiensDemo.dummy.dummyOne$NewTestStartedDummy" name="TestClass" time="0.008"/>
  <system-out/>
</testsuite> <!-- com.JenkiensDemo.dummy.dummyOne$NewTestStartedDummy -->
