<?xml version="1.0" encoding="UTF-8"?>
<!-- Generated by org.testng.reporters.JUnitReportReporter -->
<testsuite hostname="LAPTOP-P0F61UV5" failures="0" tests="1" name="com.JenkiensDemo.dummy.dummyTwo" time="0.002" errors="0" timestamp="2021-04-15T13:44:40 IST" skipped="0">
  <testcase classname="com.JenkiensDemo.dummy.dummyTwo" name="dummytwodel" time="0.002"/>
  <system-out/>
</testsuite> <!-- com.JenkiensDemo.dummy.dummyTwo -->
